<?xml version="1.0" encoding="UTF-8"?>
<!-- Generated by org.testng.reporters.JUnitXMLReporter -->
<testsuite ignored="0" hostname="Akash" failures="0" tests="5" name="Default test" time="0.091" errors="0" timestamp="2022-03-01T20:39:40 IST">
  <testcase classname="amazon.Test_Execution_1" name="@BeforeTest enterBrowser" time="-1.646147380143E9">
    <failure type="org.testng.TestNGException" message="
Parameter &amp;apos;browser&amp;apos; is required by BeforeTest on method enterBrowser but has not been marked @Optional or defined
in C:\Users\Devil Akki\AppData\Local\Temp\testng-eclipse-624374965\testng-customsuite.xml">
      <![CDATA[org.testng.TestNGException: 
Parameter 'browser' is required by BeforeTest on method enterBrowser but has not been marked @Optional or defined
in C:\Users\Devil Akki\AppData\Local\Temp\testng-eclipse-624374965\testng-customsuite.xml
at org.testng.internal.Parameters.createParams(Parameters.java:270)
at org.testng.internal.Parameters.createParametersForMethod(Parameters.java:358)
at org.testng.internal.Parameters.createParameters(Parameters.java:700)
at org.testng.internal.Parameters.createConfigurationParameters(Parameters.java:168)
at org.testng.internal.ConfigInvoker.invokeConfigurations(ConfigInvoker.java:302)
at org.testng.TestRunner.invokeTestConfigurations(TestRunner.java:637)
at org.testng.TestRunner.beforeRun(TestRunner.java:627)
at org.testng.TestRunner.run(TestRunner.java:589)
at org.testng.SuiteRunner.runTest(SuiteRunner.java:377)
at org.testng.SuiteRunner.runSequentially(SuiteRunner.java:371)
at org.testng.SuiteRunner.privateRun(SuiteRunner.java:332)
at org.testng.SuiteRunner.run(SuiteRunner.java:276)
at org.testng.SuiteRunnerWorker.runSuite(SuiteRunnerWorker.java:53)
at org.testng.SuiteRunnerWorker.run(SuiteRunnerWorker.java:96)
at org.testng.TestNG.runSuitesSequentially(TestNG.java:1212)
at org.testng.TestNG.runSuitesLocally(TestNG.java:1134)
at org.testng.TestNG.runSuites(TestNG.java:1063)
at org.testng.TestNG.run(TestNG.java:1031)
at org.testng.remote.AbstractRemoteTestNG.run(AbstractRemoteTestNG.java:115)
at org.testng.remote.RemoteTestNG.initAndRun(RemoteTestNG.java:251)
at org.testng.remote.RemoteTestNG.main(RemoteTestNG.java:77)
]]>
    </failure>
  </testcase> <!-- @BeforeTest enterBrowser -->
  <testcase classname="amazon.Test_Execution_1" name="@BeforeClass createObjects" time="-1.646147380184E9">
    <skipped/>
  </testcase> <!-- @BeforeClass createObjects -->
  <testcase classname="amazon.Test_Execution_1" name="@BeforeMethod loginToApplication" time="-1.6461473802E9">
    <skipped/>
  </testcase> <!-- @BeforeMethod loginToApplication -->
  <testcase classname="amazon.Test_Execution_1" name="@AfterMethod logoutOfApplication" time="-1.646147380207E9">
    <skipped/>
  </testcase> <!-- @AfterMethod logoutOfApplication -->
  <testcase classname="amazon.Test_Execution_1" name="@AfterClass deleteObjectReferences" time="-1.646147380225E9">
    <skipped/>
  </testcase> <!-- @AfterClass deleteObjectReferences -->
  <testcase classname="amazon.Test_Execution_1" name="@AfterTest exitBrowser" time="-1.646147380226E9">
    <skipped/>
  </testcase> <!-- @AfterTest exitBrowser -->
  <testcase classname="amazon.Test_Execution_1" name="verifyAmazonHomePage" time="0.0">
    <skipped/>
  </testcase> <!-- verifyAmazonHomePage -->
  <testcase classname="amazon.Test_Execution_1" name="verifyAccountPage" time="0.0">
    <skipped/>
  </testcase> <!-- verifyAccountPage -->
  <testcase classname="amazon.Test_Execution_1" name="verifyOrderPage" time="0.0">
    <skipped/>
  </testcase> <!-- verifyOrderPage -->
  <testcase classname="amazon.Test_Execution_1" name="verifyProductPage" time="0.0">
    <skipped/>
  </testcase> <!-- verifyProductPage -->
  <testcase classname="amazon.Test_Execution_1" name="verifyWishlistPage" time="0.0">
    <skipped/>
  </testcase> <!-- verifyWishlistPage -->
</testsuite> <!-- Default test -->
