<?xml version="1.0" encoding="UTF-8"?>
<!-- Generated by org.testng.reporters.JUnitXMLReporter -->
<testsuite ignored="0" hostname="Akash" failures="1" tests="7" name="Amazon_Test_Edge" time="310.155" errors="0" timestamp="2022-03-04T11:18:48 IST">
  <testcase classname="amazon.Test_Execution_1" name="verifyAmazonHomePage" time="10.054"/>
  <testcase classname="amazon.Test_Execution_1" name="verifyAccountPage" time="13.581"/>
  <testcase classname="amazon.Test_Execution_1" name="verifyOrderPage" time="9.24"/>
  <testcase classname="amazon.Test_Execution_1" name="verifyProductPage" time="12.042">
    <failure type="java.lang.AssertionError" message="expected [https://www.amazon.in/s?k=realmi+8i&amp;amp;ref=nb_sb_noss] but found [https://www.amazon.in/s?k=OnePlus+9pro&amp;amp;ref=nb_sb_noss]">
      <![CDATA[java.lang.AssertionError: expected [https://www.amazon.in/s?k=realmi+8i&ref=nb_sb_noss] but found [https://www.amazon.in/s?k=OnePlus+9pro&ref=nb_sb_noss]
at amazon.Test_Execution_1.verifyProductPage(Test_Execution_1.java:119)
at java.base/java.util.ArrayList.forEach(ArrayList.java:1511)
... Removed 33 stack frames]]>
    </failure>
  </testcase> <!-- verifyProductPage -->
  <testcase classname="amazon.Test_Execution_1" name="verifyWishlistPage" time="7.445"/>
  <testcase classname="amazon.Test_Execution_2" name="verifyAddToCart" time="28.77"/>
  <testcase classname="amazon.Test_Execution_2" name="verifyAddToWishlist" time="6.62"/>
</testsuite> <!-- Amazon_Test_Edge -->
