<?xml version="1.0" encoding="UTF-8"?>
<!-- Generated by org.testng.reporters.JUnitXMLReporter -->
<testsuite ignored="0" hostname="Akash" failures="1" tests="7" name="Amazon_Test_Chrome" time="273.061" errors="0" timestamp="2022-03-11T11:50:15 IST">
  <testcase classname="amazon.Test_Execution_1" name="verifyAmazonHomePage" time="4.911"/>
  <testcase classname="amazon.Test_Execution_1" name="verifyAccountPage" time="5.02"/>
  <testcase classname="amazon.Test_Execution_1" name="verifyOrderPage" time="5.999"/>
  <testcase classname="amazon.Test_Execution_1" name="verifyProductPage" time="6.464">
    <failure type="java.lang.AssertionError" message="expected [https://www.amazon.in/s?k=realmi+8i&amp;amp;ref=nb_sb_noss] but found [https://www.amazon.in/s?k=OnePlus+9pro&amp;amp;ref=nb_sb_noss]">
      <![CDATA[java.lang.AssertionError: expected [https://www.amazon.in/s?k=realmi+8i&ref=nb_sb_noss] but found [https://www.amazon.in/s?k=OnePlus+9pro&ref=nb_sb_noss]
at amazon.Test_Execution_1.verifyProductPage(Test_Execution_1.java:129)
at java.base/java.util.ArrayList.forEach(ArrayList.java:1511)
... Removed 33 stack frames]]>
    </failure>
  </testcase> <!-- verifyProductPage -->
  <testcase classname="amazon.Test_Execution_1" name="verifyWishlistPage" time="4.339"/>
  <testcase classname="amazon.Test_Execution_2" name="verifyAddToCart" time="50.76"/>
  <testcase classname="amazon.Test_Execution_2" name="verifyAddToWishlist" time="6.261"/>
</testsuite> <!-- Amazon_Test_Chrome -->
