<?xml version="1.0" encoding="UTF-8"?>
<!-- Generated by org.testng.reporters.JUnitXMLReporter -->
<testsuite ignored="0" hostname="Akash" failures="0" tests="7" name="Amazon_project_Test1" time="26.295" errors="0" timestamp="2022-02-28T13:53:02 IST">
  <testcase classname="amazon.Test_Execution_1" name="@BeforeMethod loginToApplication" time="5.203">
    <failure type="org.openqa.selenium.ElementNotInteractableException" message="Element &amp;lt;span class=&amp;quot;nav-action-inner&amp;quot;&amp;gt; could not be scrolled into view
Build info: version: &amp;apos;3.141.59&amp;apos;, revision: &amp;apos;e82be7d358&amp;apos;, time: &amp;apos;2018-11-14T08:17:03&amp;apos;
System info: host: &amp;apos;AKASH&amp;apos;, ip: &amp;apos;192.168.43.56&amp;apos;, os.name: &amp;apos;Windows 10&amp;apos;, os.arch: &amp;apos;amd64&amp;apos;, os.version: &amp;apos;10.0&amp;apos;, java.version: &amp;apos;17.0.1&amp;apos;
Driver info: org.openqa.selenium.firefox.FirefoxDriver
Capabilities {acceptInsecureCerts: true, browserName: firefox, browserVersion: 97.0, javascriptEnabled: true, moz:accessibilityChecks: false, moz:buildID: 20220202182137, moz:geckodriverVersion: 0.30.0, moz:headless: false, moz:processID: 5760, moz:profile: C:\Users\Devil Akki\AppData..., moz:shutdownTimeout: 60000, moz:useNonSpecCompliantPointerOrigin: false, moz:webdriverClick: true, pageLoadStrategy: normal, platform: WINDOWS, platformName: WINDOWS, platformVersion: 10.0, proxy: Proxy(), setWindowRect: true, strictFileInteractability: false, timeouts: {implicit: 0, pageLoad: 300000, script: 30000}, unhandledPromptBehavior: dismiss and notify}
Session ID: f885a029-3b23-4e56-8cef-905ded7a2e7c">
      <![CDATA[org.openqa.selenium.ElementNotInteractableException: Element <span class="nav-action-inner"> could not be scrolled into view
Build info: version: '3.141.59', revision: 'e82be7d358', time: '2018-11-14T08:17:03'
System info: host: 'AKASH', ip: '192.168.43.56', os.name: 'Windows 10', os.arch: 'amd64', os.version: '10.0', java.version: '17.0.1'
Driver info: org.openqa.selenium.firefox.FirefoxDriver
Capabilities {acceptInsecureCerts: true, browserName: firefox, browserVersion: 97.0, javascriptEnabled: true, moz:accessibilityChecks: false, moz:buildID: 20220202182137, moz:geckodriverVersion: 0.30.0, moz:headless: false, moz:processID: 5760, moz:profile: C:\Users\Devil Akki\AppData..., moz:shutdownTimeout: 60000, moz:useNonSpecCompliantPointerOrigin: false, moz:webdriverClick: true, pageLoadStrategy: normal, platform: WINDOWS, platformName: WINDOWS, platformVersion: 10.0, proxy: Proxy(), setWindowRect: true, strictFileInteractability: false, timeouts: {implicit: 0, pageLoad: 300000, script: 30000}, unhandledPromptBehavior: dismiss and notify}
Session ID: f885a029-3b23-4e56-8cef-905ded7a2e7c
at org.openqa.selenium.remote.http.W3CHttpResponseCodec.createException(W3CHttpResponseCodec.java:187)
at org.openqa.selenium.remote.http.W3CHttpResponseCodec.decode(W3CHttpResponseCodec.java:122)
at org.openqa.selenium.remote.http.W3CHttpResponseCodec.decode(W3CHttpResponseCodec.java:49)
at org.openqa.selenium.remote.HttpCommandExecutor.execute(HttpCommandExecutor.java:158)
at org.openqa.selenium.remote.service.DriverCommandExecutor.execute(DriverCommandExecutor.java:83)
at org.openqa.selenium.remote.RemoteWebDriver.execute(RemoteWebDriver.java:552)
at org.openqa.selenium.remote.RemoteWebElement.execute(RemoteWebElement.java:285)
at org.openqa.selenium.remote.RemoteWebElement.click(RemoteWebElement.java:84)
at org.openqa.selenium.support.pagefactory.internal.LocatingElementHandler.invoke(LocatingElementHandler.java:51)
at jdk.proxy2/jdk.proxy2.$Proxy17.click(Unknown Source)
at pom.AmazonHomePageHeader.clickSignIn(AmazonHomePageHeader.java:53)
at amazon.Test_Execution_1.loginToApplication(Test_Execution_1.java:65)
at java.base/java.util.ArrayList.forEach(ArrayList.java:1511)
... Removed 39 stack frames]]>
    </failure>
  </testcase> <!-- @BeforeMethod loginToApplication -->
  <testcase classname="amazon.Test_Execution_1" name="@AfterMethod logoutOfApplication" time="-1.646036577544E9">
    <skipped/>
  </testcase> <!-- @AfterMethod logoutOfApplication -->
  <testcase classname="amazon.Test_Execution_1" name="@BeforeMethod loginToApplication" time="-1.646036577546E9">
    <skipped/>
  </testcase> <!-- @BeforeMethod loginToApplication -->
  <testcase classname="amazon.Test_Execution_1" name="@AfterMethod logoutOfApplication" time="-1.646036577553E9">
    <skipped/>
  </testcase> <!-- @AfterMethod logoutOfApplication -->
  <testcase classname="amazon.Test_Execution_1" name="@BeforeMethod loginToApplication" time="-1.646036577554E9">
    <skipped/>
  </testcase> <!-- @BeforeMethod loginToApplication -->
  <testcase classname="amazon.Test_Execution_1" name="@AfterMethod logoutOfApplication" time="-1.646036577558E9">
    <skipped/>
  </testcase> <!-- @AfterMethod logoutOfApplication -->
  <testcase classname="amazon.Test_Execution_1" name="@BeforeMethod loginToApplication" time="-1.64603657756E9">
    <skipped/>
  </testcase> <!-- @BeforeMethod loginToApplication -->
  <testcase classname="amazon.Test_Execution_1" name="@AfterMethod logoutOfApplication" time="-1.646036577568E9">
    <skipped/>
  </testcase> <!-- @AfterMethod logoutOfApplication -->
  <testcase classname="amazon.Test_Execution_1" name="@BeforeMethod loginToApplication" time="-1.64603657757E9">
    <skipped/>
  </testcase> <!-- @BeforeMethod loginToApplication -->
  <testcase classname="amazon.Test_Execution_1" name="@AfterMethod logoutOfApplication" time="-1.646036577576E9">
    <skipped/>
  </testcase> <!-- @AfterMethod logoutOfApplication -->
  <testcase classname="amazon.Test_Execution_1" name="@AfterClass deleteObjectReferences" time="-1.646036577577E9">
    <skipped/>
  </testcase> <!-- @AfterClass deleteObjectReferences -->
  <testcase classname="amazon.Test_Execution_2" name="@BeforeMethod loginToApplication" time="5.106">
    <failure type="org.openqa.selenium.ElementNotInteractableException" message="Element &amp;lt;span class=&amp;quot;nav-action-inner&amp;quot;&amp;gt; could not be scrolled into view
Build info: version: &amp;apos;3.141.59&amp;apos;, revision: &amp;apos;e82be7d358&amp;apos;, time: &amp;apos;2018-11-14T08:17:03&amp;apos;
System info: host: &amp;apos;AKASH&amp;apos;, ip: &amp;apos;192.168.43.56&amp;apos;, os.name: &amp;apos;Windows 10&amp;apos;, os.arch: &amp;apos;amd64&amp;apos;, os.version: &amp;apos;10.0&amp;apos;, java.version: &amp;apos;17.0.1&amp;apos;
Driver info: org.openqa.selenium.firefox.FirefoxDriver
Capabilities {acceptInsecureCerts: true, browserName: firefox, browserVersion: 97.0, javascriptEnabled: true, moz:accessibilityChecks: false, moz:buildID: 20220202182137, moz:geckodriverVersion: 0.30.0, moz:headless: false, moz:processID: 15180, moz:profile: C:\Users\Devil Akki\AppData..., moz:shutdownTimeout: 60000, moz:useNonSpecCompliantPointerOrigin: false, moz:webdriverClick: true, pageLoadStrategy: normal, platform: WINDOWS, platformName: WINDOWS, platformVersion: 10.0, proxy: Proxy(), setWindowRect: true, strictFileInteractability: false, timeouts: {implicit: 0, pageLoad: 300000, script: 30000}, unhandledPromptBehavior: dismiss and notify}
Session ID: c62c1285-2877-4987-a013-e840c1464cde">
      <![CDATA[org.openqa.selenium.ElementNotInteractableException: Element <span class="nav-action-inner"> could not be scrolled into view
Build info: version: '3.141.59', revision: 'e82be7d358', time: '2018-11-14T08:17:03'
System info: host: 'AKASH', ip: '192.168.43.56', os.name: 'Windows 10', os.arch: 'amd64', os.version: '10.0', java.version: '17.0.1'
Driver info: org.openqa.selenium.firefox.FirefoxDriver
Capabilities {acceptInsecureCerts: true, browserName: firefox, browserVersion: 97.0, javascriptEnabled: true, moz:accessibilityChecks: false, moz:buildID: 20220202182137, moz:geckodriverVersion: 0.30.0, moz:headless: false, moz:processID: 15180, moz:profile: C:\Users\Devil Akki\AppData..., moz:shutdownTimeout: 60000, moz:useNonSpecCompliantPointerOrigin: false, moz:webdriverClick: true, pageLoadStrategy: normal, platform: WINDOWS, platformName: WINDOWS, platformVersion: 10.0, proxy: Proxy(), setWindowRect: true, strictFileInteractability: false, timeouts: {implicit: 0, pageLoad: 300000, script: 30000}, unhandledPromptBehavior: dismiss and notify}
Session ID: c62c1285-2877-4987-a013-e840c1464cde
at org.openqa.selenium.remote.http.W3CHttpResponseCodec.createException(W3CHttpResponseCodec.java:187)
at org.openqa.selenium.remote.http.W3CHttpResponseCodec.decode(W3CHttpResponseCodec.java:122)
at org.openqa.selenium.remote.http.W3CHttpResponseCodec.decode(W3CHttpResponseCodec.java:49)
at org.openqa.selenium.remote.HttpCommandExecutor.execute(HttpCommandExecutor.java:158)
at org.openqa.selenium.remote.service.DriverCommandExecutor.execute(DriverCommandExecutor.java:83)
at org.openqa.selenium.remote.RemoteWebDriver.execute(RemoteWebDriver.java:552)
at org.openqa.selenium.remote.RemoteWebElement.execute(RemoteWebElement.java:285)
at org.openqa.selenium.remote.RemoteWebElement.click(RemoteWebElement.java:84)
at org.openqa.selenium.support.pagefactory.internal.LocatingElementHandler.invoke(LocatingElementHandler.java:51)
at jdk.proxy2/jdk.proxy2.$Proxy17.click(Unknown Source)
at pom.AmazonHomePageHeader.clickSignIn(AmazonHomePageHeader.java:53)
at amazon.Test_Execution_2.loginToApplication(Test_Execution_2.java:74)
at java.base/java.util.ArrayList.forEach(ArrayList.java:1511)
... Removed 39 stack frames]]>
    </failure>
  </testcase> <!-- @BeforeMethod loginToApplication -->
  <testcase classname="amazon.Test_Execution_2" name="@AfterMethod logoutOfApplication" time="-1.646036582695E9">
    <skipped/>
  </testcase> <!-- @AfterMethod logoutOfApplication -->
  <testcase classname="amazon.Test_Execution_2" name="@BeforeMethod loginToApplication" time="-1.646036582697E9">
    <skipped/>
  </testcase> <!-- @BeforeMethod loginToApplication -->
  <testcase classname="amazon.Test_Execution_2" name="@AfterMethod logoutOfApplication" time="-1.646036582704E9">
    <skipped/>
  </testcase> <!-- @AfterMethod logoutOfApplication -->
  <testcase classname="amazon.Test_Execution_2" name="@AfterClass deleteObjectReferences" time="-1.646036582706E9">
    <skipped/>
  </testcase> <!-- @AfterClass deleteObjectReferences -->
  <testcase classname="amazon.Test_Execution_1" name="@AfterTest exitBrowser" time="-1.646036582708E9">
    <skipped/>
  </testcase> <!-- @AfterTest exitBrowser -->
  <testcase classname="amazon.Test_Execution_2" name="@AfterTest exitBrowser" time="-1.646036582709E9">
    <skipped/>
  </testcase> <!-- @AfterTest exitBrowser -->
  <testcase classname="amazon.Test_Execution_1" name="verifyAccountPage" time="0.0">
    <skipped/>
  </testcase> <!-- verifyAccountPage -->
  <testcase classname="amazon.Test_Execution_1" name="verifyAmazonHomePage" time="0.0">
    <skipped/>
  </testcase> <!-- verifyAmazonHomePage -->
  <testcase classname="amazon.Test_Execution_1" name="verifyOrderPage" time="0.0">
    <skipped/>
  </testcase> <!-- verifyOrderPage -->
  <testcase classname="amazon.Test_Execution_1" name="verifyProductPage" time="0.0">
    <skipped/>
  </testcase> <!-- verifyProductPage -->
  <testcase classname="amazon.Test_Execution_1" name="verifyWishlistPage" time="0.0">
    <skipped/>
  </testcase> <!-- verifyWishlistPage -->
  <testcase classname="amazon.Test_Execution_2" name="verifyAddToCart" time="0.0">
    <skipped/>
  </testcase> <!-- verifyAddToCart -->
  <testcase classname="amazon.Test_Execution_2" name="verifyAddToWishlist" time="0.0">
    <skipped/>
  </testcase> <!-- verifyAddToWishlist -->
</testsuite> <!-- Amazon_project_Test1 -->
