<?xml version="1.0" encoding="UTF-8"?>
<!-- Generated by org.testng.reporters.JUnitXMLReporter -->
<testsuite ignored="0" hostname="Akash" failures="0" tests="7" name="Amazon_project_Test2" time="117.584" errors="0" timestamp="2022-02-28T14:35:01 IST">
  <testcase classname="amazon.Test_Execution_1" name="@BeforeMethod loginToApplication" time="9.063">
    <failure type="org.openqa.selenium.NoSuchElementException" message="no such element: Unable to locate element: {&amp;quot;method&amp;quot;:&amp;quot;xpath&amp;quot;,&amp;quot;selector&amp;quot;:&amp;quot;(//span[text()=&amp;apos;Sign in&amp;apos;])[1]&amp;quot;}
  (Session info: chrome=98.0.4758.102)
  (Driver info: operadriver=97.0.4692.71 (adefa7837d02a07a604c1e6eff0b3a09422ab88d-refs/branch-heads/4692@{#1247}),platform=Windows NT 10.0.19042 x86_64) (WARNING: The server did not provide any stacktrace information)
Command duration or timeout: 0 milliseconds
For documentation on this error, please visit: https://www.seleniumhq.org/exceptions/no_such_element.html
Build info: version: &amp;apos;3.141.59&amp;apos;, revision: &amp;apos;e82be7d358&amp;apos;, time: &amp;apos;2018-11-14T08:17:03&amp;apos;
System info: host: &amp;apos;AKASH&amp;apos;, ip: &amp;apos;192.168.43.56&amp;apos;, os.name: &amp;apos;Windows 10&amp;apos;, os.arch: &amp;apos;amd64&amp;apos;, os.version: &amp;apos;10.0&amp;apos;, java.version: &amp;apos;17.0.1&amp;apos;
Driver info: org.openqa.selenium.opera.OperaDriver
Capabilities {acceptInsecureCerts: false, acceptSslCerts: false, applicationCacheEnabled: false, browserConnectionEnabled: false, browserName: opera, cssSelectorsEnabled: true, databaseEnabled: false, goog:chromeOptions: {debuggerAddress: localhost:52047}, handlesAlerts: true, hasTouchScreen: false, javascriptEnabled: true, locationContextEnabled: true, mobileEmulationEnabled: false, nativeEvents: true, networkConnectionEnabled: false, opera: {operadriverVersion: 97.0.4692.71 (adefa7837d02a..., userDataDir: C:\Users\DEVILA~1\AppData\L...}, pageLoadStrategy: normal, platform: WINDOWS, platformName: WINDOWS, proxy: Proxy(), rotatable: false, setWindowRect: true, strictFileInteractability: false, takesHeapSnapshot: true, takesScreenshot: true, timeouts: {implicit: 0, pageLoad: 300000, script: 30000}, unexpectedAlertBehaviour: ignore, unhandledPromptBehavior: ignore, version: 98.0.4758.102, webStorageEnabled: true, webauthn:extension:credBlob: true, webauthn:extension:largeBlob: true, webauthn:virtualAuthenticators: true}
Session ID: 06e1884ad4eb60b8a44b9254bc8f8dd3
*** Element info: {Using=xpath, value=(//span[text()=&amp;apos;Sign in&amp;apos;])[1]}">
      <![CDATA[org.openqa.selenium.NoSuchElementException: no such element: Unable to locate element: {"method":"xpath","selector":"(//span[text()='Sign in'])[1]"}
  (Session info: chrome=98.0.4758.102)
  (Driver info: operadriver=97.0.4692.71 (adefa7837d02a07a604c1e6eff0b3a09422ab88d-refs/branch-heads/4692@{#1247}),platform=Windows NT 10.0.19042 x86_64) (WARNING: The server did not provide any stacktrace information)
Command duration or timeout: 0 milliseconds
For documentation on this error, please visit: https://www.seleniumhq.org/exceptions/no_such_element.html
Build info: version: '3.141.59', revision: 'e82be7d358', time: '2018-11-14T08:17:03'
System info: host: 'AKASH', ip: '192.168.43.56', os.name: 'Windows 10', os.arch: 'amd64', os.version: '10.0', java.version: '17.0.1'
Driver info: org.openqa.selenium.opera.OperaDriver
Capabilities {acceptInsecureCerts: false, acceptSslCerts: false, applicationCacheEnabled: false, browserConnectionEnabled: false, browserName: opera, cssSelectorsEnabled: true, databaseEnabled: false, goog:chromeOptions: {debuggerAddress: localhost:52047}, handlesAlerts: true, hasTouchScreen: false, javascriptEnabled: true, locationContextEnabled: true, mobileEmulationEnabled: false, nativeEvents: true, networkConnectionEnabled: false, opera: {operadriverVersion: 97.0.4692.71 (adefa7837d02a..., userDataDir: C:\Users\DEVILA~1\AppData\L...}, pageLoadStrategy: normal, platform: WINDOWS, platformName: WINDOWS, proxy: Proxy(), rotatable: false, setWindowRect: true, strictFileInteractability: false, takesHeapSnapshot: true, takesScreenshot: true, timeouts: {implicit: 0, pageLoad: 300000, script: 30000}, unexpectedAlertBehaviour: ignore, unhandledPromptBehavior: ignore, version: 98.0.4758.102, webStorageEnabled: true, webauthn:extension:credBlob: true, webauthn:extension:largeBlob: true, webauthn:virtualAuthenticators: true}
Session ID: 06e1884ad4eb60b8a44b9254bc8f8dd3
*** Element info: {Using=xpath, value=(//span[text()='Sign in'])[1]}
at org.openqa.selenium.remote.ErrorHandler.createThrowable(ErrorHandler.java:214)
at org.openqa.selenium.remote.ErrorHandler.throwIfResponseFailed(ErrorHandler.java:166)
at org.openqa.selenium.remote.http.JsonHttpResponseCodec.reconstructValue(JsonHttpResponseCodec.java:40)
at org.openqa.selenium.remote.http.AbstractHttpResponseCodec.decode(AbstractHttpResponseCodec.java:80)
at org.openqa.selenium.remote.http.AbstractHttpResponseCodec.decode(AbstractHttpResponseCodec.java:44)
at org.openqa.selenium.remote.HttpCommandExecutor.execute(HttpCommandExecutor.java:158)
at org.openqa.selenium.remote.service.DriverCommandExecutor.execute(DriverCommandExecutor.java:83)
at org.openqa.selenium.remote.RemoteWebDriver.execute(RemoteWebDriver.java:552)
at org.openqa.selenium.remote.RemoteWebDriver.findElement(RemoteWebDriver.java:323)
at org.openqa.selenium.remote.RemoteWebDriver.findElementByXPath(RemoteWebDriver.java:428)
at org.openqa.selenium.By$ByXPath.findElement(By.java:353)
at org.openqa.selenium.remote.RemoteWebDriver.findElement(RemoteWebDriver.java:315)
at org.openqa.selenium.support.pagefactory.DefaultElementLocator.findElement(DefaultElementLocator.java:69)
at org.openqa.selenium.support.pagefactory.internal.LocatingElementHandler.invoke(LocatingElementHandler.java:38)
at jdk.proxy2/jdk.proxy2.$Proxy17.getCoordinates(Unknown Source)
at org.openqa.selenium.interactions.internal.MouseAction.getActionLocation(MouseAction.java:69)
at org.openqa.selenium.interactions.MoveMouseAction.perform(MoveMouseAction.java:42)
at org.openqa.selenium.interactions.CompositeAction.perform(CompositeAction.java:34)
at org.openqa.selenium.interactions.Actions$BuiltAction.perform(Actions.java:642)
at pom.AmazonHomePageHeader.clickSignIn(AmazonHomePageHeader.java:53)
at amazon.Test_Execution_1.loginToApplication(Test_Execution_1.java:66)
at java.base/java.util.ArrayList.forEach(ArrayList.java:1511)
... Removed 36 stack frames]]>
    </failure>
  </testcase> <!-- @BeforeMethod loginToApplication -->
  <testcase classname="amazon.Test_Execution_1" name="@AfterMethod logoutOfApplication" time="-1.646039033562E9">
    <skipped/>
  </testcase> <!-- @AfterMethod logoutOfApplication -->
  <testcase classname="amazon.Test_Execution_1" name="@BeforeMethod loginToApplication" time="-1.646039033563E9">
    <skipped/>
  </testcase> <!-- @BeforeMethod loginToApplication -->
  <testcase classname="amazon.Test_Execution_1" name="@AfterMethod logoutOfApplication" time="-1.646039033565E9">
    <skipped/>
  </testcase> <!-- @AfterMethod logoutOfApplication -->
  <testcase classname="amazon.Test_Execution_1" name="@BeforeMethod loginToApplication" time="-1.646039033566E9">
    <skipped/>
  </testcase> <!-- @BeforeMethod loginToApplication -->
  <testcase classname="amazon.Test_Execution_1" name="@AfterMethod logoutOfApplication" time="-1.646039033571E9">
    <skipped/>
  </testcase> <!-- @AfterMethod logoutOfApplication -->
  <testcase classname="amazon.Test_Execution_1" name="@BeforeMethod loginToApplication" time="-1.646039033572E9">
    <skipped/>
  </testcase> <!-- @BeforeMethod loginToApplication -->
  <testcase classname="amazon.Test_Execution_1" name="@AfterMethod logoutOfApplication" time="-1.646039033577E9">
    <skipped/>
  </testcase> <!-- @AfterMethod logoutOfApplication -->
  <testcase classname="amazon.Test_Execution_1" name="@AfterClass deleteObjectReferences" time="-1.646039033578E9">
    <skipped/>
  </testcase> <!-- @AfterClass deleteObjectReferences -->
  <testcase classname="amazon.Test_Execution_1" name="@AfterTest exitBrowser" time="-1.646039100988E9">
    <skipped/>
  </testcase> <!-- @AfterTest exitBrowser -->
  <testcase classname="amazon.Test_Execution_2" name="@AfterTest exitBrowser" time="-1.646039100991E9">
    <skipped/>
  </testcase> <!-- @AfterTest exitBrowser -->
  <testcase classname="amazon.Test_Execution_1" name="verifyAccountPage" time="1.397"/>
  <testcase classname="amazon.Test_Execution_1" name="verifyAmazonHomePage" time="0.0">
    <skipped/>
  </testcase> <!-- verifyAmazonHomePage -->
  <testcase classname="amazon.Test_Execution_1" name="verifyOrderPage" time="0.0">
    <skipped/>
  </testcase> <!-- verifyOrderPage -->
  <testcase classname="amazon.Test_Execution_1" name="verifyProductPage" time="0.0">
    <skipped/>
  </testcase> <!-- verifyProductPage -->
  <testcase classname="amazon.Test_Execution_1" name="verifyWishlistPage" time="0.0">
    <skipped/>
  </testcase> <!-- verifyWishlistPage -->
  <testcase classname="amazon.Test_Execution_2" name="verifyAddToCart" time="13.631"/>
  <testcase classname="amazon.Test_Execution_2" name="verifyAddToWishlist" time="4.274"/>
</testsuite> <!-- Amazon_project_Test2 -->
